AFRPPYA
AFRFACA LFPGZDCA
ASM
XY123/24MAR
JFKLAX
B777
0800 1100

DLPPSIA
AALFJSJ KLAXZDCA
MVT
AA456/25MAR
JFK-LAX
DEPARTED 0745Z

BAFPPYA
UAFACA EGLLZDCA
SSM
SYSTEM ALERT
RESERVATION SYSTEM DOWN

KLPPSIA
AFRFACA RJAAZDCA
LDM
KL789/26MAR
AMS-NRT
PAX: 210/210

LHPPYA
DLFACA EDDFZDCA
ASM
LH456/30MAR
FRAJFK
A330
1430 1730
FRA T1 JFK T4
CREW: M.SCHMIDT/A.WEBER

UAPPSIA
AALFJSJ KORDZDCA
MVT
UA789/31MAR
ORD-LAX
DEPARTED 0915Z
RUNWAY 27R
EST ARR 1145Z
WEATHER DELAY CLEARED

AFRPPYA
BAFACA LFPGZDCA
SSM
NETWORK ISSUE
INTERNAL NETWORK SLOWDOWN
IT DEPARTMENT INVESTIGATING
IMPACTING CHECK-IN SYSTEMS
BACKUP SYSTEMS ACTIVATED

EKPPYA
BAFACA OMDBZDCA
LDM
EK123/01APR
DXB-LHR
PAX: 285/300
CARGO: 22000kg
SPECIAL: LIVE ANIMALS
WEIGHT DIST: F45-A90-C150
TOTAL WEIGHT: 245000kg