2025-08-18T15:59:33.640+01:00  INFO 16036 --- [nuitParser2] [restartedMain] c.ram.nuitparser.NuitParser2Application  : Starting NuitParser2Application using Java 24.0.1 with PID 16036 (C:\Users\pc\Desktop\stage\nuitParser2\target\classes started by pc in C:\Users\pc\Desktop\stage\nuitParser2)
2025-08-18T15:59:33.674+01:00 DEBUG 16036 --- [nuitParser2] [restartedMain] c.ram.nuitparser.NuitParser2Application  : Running with Spring Boot v3.5.3, Spring v6.2.8
2025-08-18T15:59:33.676+01:00  INFO 16036 --- [nuitParser2] [restartedMain] c.ram.nuitparser.NuitParser2Application  : No active profile set, falling back to 1 default profile: "default"
2025-08-18T15:59:34.057+01:00  INFO 16036 --- [nuitParser2] [restartedMain] .e.DevToolsPropertyDefaultsPostProcessor : Devtools property defaults active! Set 'spring.devtools.add-properties' to 'false' to disable
2025-08-18T15:59:34.057+01:00  INFO 16036 --- [nuitParser2] [restartedMain] .e.DevToolsPropertyDefaultsPostProcessor : For additional web related logging consider setting the 'logging.level.web' property to 'DEBUG'
2025-08-18T15:59:40.127+01:00  INFO 16036 --- [nuitParser2] [restartedMain] o.s.b.w.embedded.tomcat.TomcatWebServer  : Tomcat initialized with port 8080 (http)
2025-08-18T15:59:40.213+01:00  INFO 16036 --- [nuitParser2] [restartedMain] o.apache.catalina.core.StandardService   : Starting service [Tomcat]
2025-08-18T15:59:40.215+01:00  INFO 16036 --- [nuitParser2] [restartedMain] o.apache.catalina.core.StandardEngine    : Starting Servlet engine: [Apache Tomcat/10.1.42]
2025-08-18T15:59:40.492+01:00  INFO 16036 --- [nuitParser2] [restartedMain] o.a.c.c.C.[Tomcat].[localhost].[/]       : Initializing Spring embedded WebApplicationContext
2025-08-18T15:59:40.493+01:00  INFO 16036 --- [nuitParser2] [restartedMain] w.s.c.ServletWebServerApplicationContext : Root WebApplicationContext: initialization completed in 6434 ms
2025-08-18T15:59:41.147+01:00  INFO 16036 --- [nuitParser2] [restartedMain] c.r.n.controller.TelexController         : TelexController initialized
2025-08-18T15:59:41.187+01:00  INFO 16036 --- [nuitParser2] [restartedMain] com.ram.nuitparser.parser.TelexRouter    : TelexRouter initialized
2025-08-18T15:59:41.194+01:00  INFO 16036 --- [nuitParser2] [restartedMain] c.r.n.service.EnrichmentService          : Initializing EnrichmentService data loading
2025-08-18T15:59:41.194+01:00 DEBUG 16036 --- [nuitParser2] [restartedMain] c.r.n.service.EnrichmentService          : Loading airlines dataset
2025-08-18T15:59:41.625+01:00  INFO 16036 --- [nuitParser2] [restartedMain] c.r.n.service.EnrichmentService          : Loaded 6162 airline records
2025-08-18T15:59:41.647+01:00 DEBUG 16036 --- [nuitParser2] [restartedMain] c.r.n.service.EnrichmentService          : Loading airports dataset
2025-08-18T15:59:41.847+01:00  INFO 16036 --- [nuitParser2] [restartedMain] c.r.n.service.EnrichmentService          : Loaded 7698 airport records
2025-08-18T15:59:41.848+01:00 DEBUG 16036 --- [nuitParser2] [restartedMain] c.r.n.service.EnrichmentService          : Loading aircraft dataset
2025-08-18T15:59:41.889+01:00  INFO 16036 --- [nuitParser2] [restartedMain] c.r.n.service.EnrichmentService          : Loaded 246 aircraft records
2025-08-18T15:59:41.890+01:00 DEBUG 16036 --- [nuitParser2] [restartedMain] c.r.n.service.EnrichmentService          : Loading countries dataset
2025-08-18T15:59:41.913+01:00  INFO 16036 --- [nuitParser2] [restartedMain] c.r.n.service.EnrichmentService          : Loaded 261 country records
2025-08-18T15:59:41.913+01:00  INFO 16036 --- [nuitParser2] [restartedMain] c.r.n.service.EnrichmentService          : Enrichment data loaded: 6162 airlines, 7698 airports, 246 aircraft, 261 countries
2025-08-18T15:59:41.916+01:00  INFO 16036 --- [nuitParser2] [restartedMain] c.r.n.service.TelexParserService         : TelexParserService initialized
2025-08-18T15:59:41.917+01:00  INFO 16036 --- [nuitParser2] [restartedMain] c.r.n.s.reader.LogFileReaderService      : LogFileReaderService initialized
2025-08-18T15:59:41.918+01:00  INFO 16036 --- [nuitParser2] [restartedMain] c.r.n.s.reader.LogFileReaderService      : Starting telex log processing
2025-08-18T15:59:41.933+01:00 DEBUG 16036 --- [nuitParser2] [restartedMain] c.r.n.s.reader.LogFileReaderService      : Reading telex log file
2025-08-18T15:59:41.934+01:00  INFO 16036 --- [nuitParser2] [restartedMain] c.r.n.s.reader.LogFileReaderService      : Storing raw telex (158 characters)
2025-08-18T15:59:41.934+01:00  INFO 16036 --- [nuitParser2] [restartedMain] c.r.n.service.ParsedTelexHolder          : Storing parsed telex in holder
2025-08-18T15:59:41.934+01:00 DEBUG 16036 --- [nuitParser2] [restartedMain] c.r.n.service.ParsedTelexHolder          : Message: null, Raw length: 158
2025-08-18T15:59:41.934+01:00  INFO 16036 --- [nuitParser2] [restartedMain] c.r.n.s.reader.LogFileReaderService      : Processing telex through pipeline
2025-08-18T15:59:41.935+01:00  INFO 16036 --- [nuitParser2] [restartedMain] c.r.n.service.TelexParserService         : Starting telex parsing process
2025-08-18T15:59:41.936+01:00 DEBUG 16036 --- [nuitParser2] [restartedMain] c.r.n.service.TelexParserService         : Processing 9 non-empty lines
2025-08-18T15:59:41.953+01:00 DEBUG 16036 --- [nuitParser2] [restartedMain] c.r.n.service.TelexParserService         : Extracted sender: QN MUCSCAT, receivers: .QLHQMAT 132141 MESX010 JUL25
2025-08-18T15:59:41.955+01:00 DEBUG 16036 --- [nuitParser2] [restartedMain] c.r.n.service.TelexParserService         : Detecting telex type from: ASM
2025-08-18T15:59:41.955+01:00 DEBUG 16036 --- [nuitParser2] [restartedMain] c.r.n.service.TelexParserService         : Identified ASM telex type
2025-08-18T15:59:41.956+01:00  INFO 16036 --- [nuitParser2] [restartedMain] c.r.n.service.TelexParserService         : Detected telex type: ASM
2025-08-18T15:59:41.957+01:00  INFO 16036 --- [nuitParser2] [restartedMain] com.ram.nuitparser.parser.TelexRouter    : Routing telex of type: ASM
2025-08-18T15:59:41.959+01:00 DEBUG 16036 --- [nuitParser2] [restartedMain] com.ram.nuitparser.parser.TelexRouter    : Routing to ASM parser
2025-08-18T15:59:41.960+01:00  INFO 16036 --- [nuitParser2] [restartedMain] c.ram.nuitparser.parser.asm.ASMParser    : Starting ASM message parsing
2025-08-18T15:59:41.961+01:00 DEBUG 16036 --- [nuitParser2] [restartedMain] c.ram.nuitparser.parser.asm.ASMParser    : Sender: QN MUCSCAT, Receivers: .QLHQMAT 132141 MESX010 JUL25
2025-08-18T15:59:41.962+01:00 DEBUG 16036 --- [nuitParser2] [restartedMain] c.ram.nuitparser.parser.asm.ASMParser    : Processing 7 lines in telex body
2025-08-18T15:59:41.963+01:00 DEBUG 16036 --- [nuitParser2] [restartedMain] c.ram.nuitparser.parser.asm.ASMParser    : Processing line 1: ASM
2025-08-18T15:59:41.964+01:00 DEBUG 16036 --- [nuitParser2] [restartedMain] c.ram.nuitparser.parser.asm.ASMParser    : Processing line 2: LT
2025-08-18T15:59:41.965+01:00 DEBUG 16036 --- [nuitParser2] [restartedMain] c.ram.nuitparser.parser.asm.ASMParser    : Processing line 3: 13JUL50936E001
2025-08-18T15:59:41.966+01:00 DEBUG 16036 --- [nuitParser2] [restartedMain] c.ram.nuitparser.parser.asm.ASMParser    : Processing line 4: RPL
2025-08-18T15:59:41.967+01:00 DEBUG 16036 --- [nuitParser2] [restartedMain] c.ram.nuitparser.parser.asm.ASMParser    : Extracted action code: RPL
2025-08-18T15:59:41.967+01:00 DEBUG 16036 --- [nuitParser2] [restartedMain] c.ram.nuitparser.parser.asm.ASMParser    : Processing line 5: AT651/13JUL25 3/X 4/X 5/AT 9/X
2025-08-18T15:59:41.968+01:00  INFO 16036 --- [nuitParser2] [restartedMain] c.ram.nuitparser.parser.asm.ASMParser    : Extracted flight designator: AT651 and date: 13JUL25
2025-08-18T15:59:41.969+01:00 DEBUG 16036 --- [nuitParser2] [restartedMain] c.ram.nuitparser.parser.asm.ASMParser    : Extracted 4 DEIs from line
2025-08-18T15:59:41.973+01:00 DEBUG 16036 --- [nuitParser2] [restartedMain] c.ram.nuitparser.parser.asm.ASMParser    : Processing line 6: J 320 .Y180
2025-08-18T15:59:41.974+01:00 DEBUG 16036 --- [nuitParser2] [restartedMain] c.ram.nuitparser.parser.asm.ASMParser    : Processing line 7: CDG132330 OUD140110 7//M
2025-08-18T15:59:41.975+01:00 DEBUG 16036 --- [nuitParser2] [restartedMain] c.ram.nuitparser.parser.asm.ASMParser    : Extracted 2 airport/time pairs from line
2025-08-18T15:59:41.976+01:00 DEBUG 16036 --- [nuitParser2] [restartedMain] c.ram.nuitparser.parser.asm.ASMParser    : Set departure airport: CDG
2025-08-18T15:59:41.977+01:00 DEBUG 16036 --- [nuitParser2] [restartedMain] c.ram.nuitparser.parser.asm.ASMParser    : Set arrival airport: OUD
2025-08-18T15:59:41.977+01:00 DEBUG 16036 --- [nuitParser2] [restartedMain] c.ram.nuitparser.parser.asm.ASMParser    : Set departure time: 132330
2025-08-18T15:59:41.978+01:00 DEBUG 16036 --- [nuitParser2] [restartedMain] c.ram.nuitparser.parser.asm.ASMParser    : Set arrival time: 140110
2025-08-18T15:59:41.978+01:00  INFO 16036 --- [nuitParser2] [restartedMain] c.ram.nuitparser.parser.asm.ASMParser    : Successfully parsed ASM message. Found 4 DEIs
2025-08-18T15:59:41.979+01:00  INFO 16036 --- [nuitParser2] [restartedMain] c.r.n.service.TelexParserService         : Starting enrichment for parsed message
2025-08-18T15:59:41.980+01:00  INFO 16036 --- [nuitParser2] [restartedMain] c.r.n.service.EnrichmentService          : Starting enrichment for flight: AT651
2025-08-18T15:59:41.980+01:00 DEBUG 16036 --- [nuitParser2] [restartedMain] c.r.n.service.EnrichmentService          : Extracted airline code: AT
2025-08-18T15:59:41.981+01:00 DEBUG 16036 --- [nuitParser2] [restartedMain] c.r.n.service.EnrichmentService          : Looking up airline by IATA: AT
2025-08-18T15:59:41.988+01:00 DEBUG 16036 --- [nuitParser2] [restartedMain] c.r.n.service.EnrichmentService          : Enriched airline: AT - Royal Air Maroc
2025-08-18T15:59:41.989+01:00 DEBUG 16036 --- [nuitParser2] [restartedMain] c.r.n.service.EnrichmentService          : Looking up airport by IATA: CDG
2025-08-18T15:59:41.994+01:00 DEBUG 16036 --- [nuitParser2] [restartedMain] c.r.n.service.EnrichmentService          : Enriched departure airport: Charles de Gaulle International Airport
2025-08-18T15:59:41.995+01:00 DEBUG 16036 --- [nuitParser2] [restartedMain] c.r.n.service.EnrichmentService          : Looking up airport by IATA: OUD
2025-08-18T15:59:41.998+01:00 DEBUG 16036 --- [nuitParser2] [restartedMain] c.r.n.service.EnrichmentService          : Enriched arrival airport: Angads Airport
2025-08-18T15:59:41.999+01:00  INFO 16036 --- [nuitParser2] [restartedMain] c.r.n.service.EnrichmentService          : Completed enrichment for flight: AT651
2025-08-18T15:59:41.999+01:00  INFO 16036 --- [nuitParser2] [restartedMain] c.r.n.service.TelexParserService         : Storing parsed and enriched telex
2025-08-18T15:59:41.999+01:00  INFO 16036 --- [nuitParser2] [restartedMain] c.r.n.service.ParsedTelexHolder          : Storing parsed telex in holder
2025-08-18T15:59:42.000+01:00 DEBUG 16036 --- [nuitParser2] [restartedMain] c.r.n.service.ParsedTelexHolder          : Message: AT651, Raw length: 158
2025-08-18T15:59:42.000+01:00  INFO 16036 --- [nuitParser2] [restartedMain] c.r.n.service.TelexParserService         : Telex processing completed successfully
2025-08-18T15:59:42.001+01:00  INFO 16036 --- [nuitParser2] [restartedMain] c.r.n.s.reader.LogFileReaderService      : Telex processing completed
2025-08-18T15:59:42.651+01:00  WARN 16036 --- [nuitParser2] [restartedMain] ion$DefaultTemplateResolverConfiguration : Cannot find template location: classpath:/templates/ (please add some templates, check your Thymeleaf configuration, or set spring.thymeleaf.check-template-location=false)
2025-08-18T15:59:43.318+01:00  INFO 16036 --- [nuitParser2] [restartedMain] o.s.b.d.a.OptionalLiveReloadServer       : LiveReload server is running on port 35729
2025-08-18T15:59:43.334+01:00  INFO 16036 --- [nuitParser2] [restartedMain] o.s.b.a.e.web.EndpointLinksResolver      : Exposing 1 endpoint beneath base path '/actuator'
2025-08-18T15:59:43.471+01:00  INFO 16036 --- [nuitParser2] [restartedMain] o.s.b.w.embedded.tomcat.TomcatWebServer  : Tomcat started on port 8080 (http) with context path '/'
2025-08-18T15:59:43.498+01:00  INFO 16036 --- [nuitParser2] [restartedMain] c.ram.nuitparser.NuitParser2Application  : Started NuitParser2Application in 13.7 seconds (process running for 20.985)
2025-08-18T15:59:43.508+01:00  INFO 16036 --- [nuitParser2] [restartedMain] c.ram.nuitparser.NuitParser2Application  : Application started successfully
2025-08-18T15:59:44.302+01:00  INFO 16036 --- [nuitParser2] [RMI TCP Connection(3)-192.168.56.1] o.a.c.c.C.[Tomcat].[localhost].[/]       : Initializing Spring DispatcherServlet 'dispatcherServlet'
2025-08-18T15:59:44.305+01:00  INFO 16036 --- [nuitParser2] [RMI TCP Connection(3)-192.168.56.1] o.s.web.servlet.DispatcherServlet        : Initializing Servlet 'dispatcherServlet'
2025-08-18T15:59:44.311+01:00  INFO 16036 --- [nuitParser2] [RMI TCP Connection(3)-192.168.56.1] o.s.web.servlet.DispatcherServlet        : Completed initialization in 4 ms
2025-08-18T16:00:19.141+01:00  INFO 16036 --- [nuitParser2] [http-nio-8080-exec-1] c.r.n.controller.TelexController         : Received request for telex data
2025-08-18T16:00:19.143+01:00 DEBUG 16036 --- [nuitParser2] [http-nio-8080-exec-1] c.r.n.service.ParsedTelexHolder          : Retrieving parsed telex from holder
2025-08-18T16:00:19.143+01:00 DEBUG 16036 --- [nuitParser2] [http-nio-8080-exec-1] c.r.n.service.ParsedTelexHolder          : Retrieving raw telex from holder
2025-08-18T16:00:19.143+01:00 DEBUG 16036 --- [nuitParser2] [http-nio-8080-exec-1] c.r.n.controller.TelexController         : Building telex response
2025-08-18T16:00:19.155+01:00  INFO 16036 --- [nuitParser2] [http-nio-8080-exec-1] c.r.n.controller.TelexController         : Returning telex data
2025-08-18T16:00:22.865+01:00  INFO 16036 --- [nuitParser2] [File Watcher] rtingClassPathChangeChangedEventListener : Restarting due to 36 class path changes (0 additions, 35 deletions, 1 modification)
2025-08-18T16:00:22.879+01:00  INFO 16036 --- [nuitParser2] [Thread-5] o.s.b.w.e.tomcat.GracefulShutdown        : Commencing graceful shutdown. Waiting for active requests to complete
2025-08-18T16:00:23.108+01:00  INFO 16036 --- [nuitParser2] [tomcat-shutdown] o.s.b.w.e.tomcat.GracefulShutdown        : Graceful shutdown complete
2025-08-18T16:00:25.618+01:00  INFO 16036 --- [nuitParser2] [restartedMain] c.ram.nuitparser.NuitParser2Application  : Starting NuitParser2 application
2025-08-18T16:00:25.792+01:00  INFO 16036 --- [nuitParser2] [restartedMain] c.ram.nuitparser.NuitParser2Application  : Starting NuitParser2Application using Java 24.0.1 with PID 16036 (C:\Users\pc\Desktop\stage\nuitParser2\target\classes started by pc in C:\Users\pc\Desktop\stage\nuitParser2)
2025-08-18T16:00:25.794+01:00 DEBUG 16036 --- [nuitParser2] [restartedMain] c.ram.nuitparser.NuitParser2Application  : Running with Spring Boot v3.5.3, Spring v6.2.8
2025-08-18T16:00:25.795+01:00  INFO 16036 --- [nuitParser2] [restartedMain] c.ram.nuitparser.NuitParser2Application  : No active profile set, falling back to 1 default profile: "default"
2025-08-18T16:00:28.273+01:00  INFO 16036 --- [nuitParser2] [restartedMain] o.s.b.w.embedded.tomcat.TomcatWebServer  : Tomcat initialized with port 8080 (http)
2025-08-18T16:00:28.286+01:00  INFO 16036 --- [nuitParser2] [restartedMain] o.apache.catalina.core.StandardService   : Starting service [Tomcat]
2025-08-18T16:00:28.286+01:00  INFO 16036 --- [nuitParser2] [restartedMain] o.apache.catalina.core.StandardEngine    : Starting Servlet engine: [Apache Tomcat/10.1.42]
2025-08-18T16:00:28.398+01:00  INFO 16036 --- [nuitParser2] [restartedMain] o.a.c.c.C.[Tomcat].[localhost].[/]       : Initializing Spring embedded WebApplicationContext
2025-08-18T16:00:28.400+01:00  INFO 16036 --- [nuitParser2] [restartedMain] w.s.c.ServletWebServerApplicationContext : Root WebApplicationContext: initialization completed in 2591 ms
2025-08-18T16:00:28.778+01:00  WARN 16036 --- [nuitParser2] [restartedMain] ion$DefaultTemplateResolverConfiguration : Cannot find template location: classpath:/templates/ (please add some templates, check your Thymeleaf configuration, or set spring.thymeleaf.check-template-location=false)
2025-08-18T16:00:29.051+01:00  INFO 16036 --- [nuitParser2] [restartedMain] o.s.b.d.a.OptionalLiveReloadServer       : LiveReload server is running on port 35729
2025-08-18T16:00:29.061+01:00  INFO 16036 --- [nuitParser2] [restartedMain] o.s.b.a.e.web.EndpointLinksResolver      : Exposing 1 endpoint beneath base path '/actuator'
2025-08-18T16:00:29.102+01:00  INFO 16036 --- [nuitParser2] [restartedMain] o.s.b.w.embedded.tomcat.TomcatWebServer  : Tomcat started on port 8080 (http) with context path '/'
2025-08-18T16:00:29.118+01:00  INFO 16036 --- [nuitParser2] [restartedMain] c.ram.nuitparser.NuitParser2Application  : Started NuitParser2Application in 3.483 seconds (process running for 66.605)
2025-08-18T16:00:29.123+01:00  INFO 16036 --- [nuitParser2] [restartedMain] .ConditionEvaluationDeltaLoggingListener : Condition evaluation unchanged
2025-08-18T16:00:29.124+01:00  INFO 16036 --- [nuitParser2] [restartedMain] c.ram.nuitparser.NuitParser2Application  : Application started successfully
2025-08-18T16:00:32.100+01:00  INFO 16036 --- [nuitParser2] [http-nio-8080-exec-1] o.a.c.c.C.[Tomcat].[localhost].[/]       : Initializing Spring DispatcherServlet 'dispatcherServlet'
2025-08-18T16:00:32.100+01:00  INFO 16036 --- [nuitParser2] [http-nio-8080-exec-1] o.s.web.servlet.DispatcherServlet        : Initializing Servlet 'dispatcherServlet'
2025-08-18T16:00:32.102+01:00  INFO 16036 --- [nuitParser2] [http-nio-8080-exec-1] o.s.web.servlet.DispatcherServlet        : Completed initialization in 2 ms
2025-08-18T16:00:41.182+01:00  INFO 16036 --- [nuitParser2] [File Watcher] rtingClassPathChangeChangedEventListener : Restarting due to 2 class path changes (2 additions, 0 deletions, 0 modifications)
2025-08-18T16:00:41.185+01:00  INFO 16036 --- [nuitParser2] [Thread-7] o.s.b.w.e.tomcat.GracefulShutdown        : Commencing graceful shutdown. Waiting for active requests to complete
2025-08-18T16:00:41.201+01:00  INFO 16036 --- [nuitParser2] [tomcat-shutdown] o.s.b.w.e.tomcat.GracefulShutdown        : Graceful shutdown complete
2025-08-18T16:00:41.294+01:00  INFO 16036 --- [nuitParser2] [restartedMain] c.ram.nuitparser.NuitParser2Application  : Starting NuitParser2 application
2025-08-18T16:00:41.366+01:00  INFO 16036 --- [nuitParser2] [restartedMain] c.ram.nuitparser.NuitParser2Application  : Starting NuitParser2Application using Java 24.0.1 with PID 16036 (C:\Users\pc\Desktop\stage\nuitParser2\target\classes started by pc in C:\Users\pc\Desktop\stage\nuitParser2)
2025-08-18T16:00:41.367+01:00 DEBUG 16036 --- [nuitParser2] [restartedMain] c.ram.nuitparser.NuitParser2Application  : Running with Spring Boot v3.5.3, Spring v6.2.8
2025-08-18T16:00:41.368+01:00  INFO 16036 --- [nuitParser2] [restartedMain] c.ram.nuitparser.NuitParser2Application  : No active profile set, falling back to 1 default profile: "default"
2025-08-18T16:00:42.418+01:00  INFO 16036 --- [nuitParser2] [restartedMain] o.s.b.w.embedded.tomcat.TomcatWebServer  : Tomcat initialized with port 8080 (http)
2025-08-18T16:00:42.419+01:00  INFO 16036 --- [nuitParser2] [restartedMain] o.apache.catalina.core.StandardService   : Starting service [Tomcat]
2025-08-18T16:00:42.420+01:00  INFO 16036 --- [nuitParser2] [restartedMain] o.apache.catalina.core.StandardEngine    : Starting Servlet engine: [Apache Tomcat/10.1.42]
2025-08-18T16:00:42.456+01:00  INFO 16036 --- [nuitParser2] [restartedMain] o.a.c.c.C.[Tomcat].[localhost].[/]       : Initializing Spring embedded WebApplicationContext
2025-08-18T16:00:42.457+01:00  INFO 16036 --- [nuitParser2] [restartedMain] w.s.c.ServletWebServerApplicationContext : Root WebApplicationContext: initialization completed in 1085 ms
2025-08-18T16:00:42.659+01:00  WARN 16036 --- [nuitParser2] [restartedMain] ion$DefaultTemplateResolverConfiguration : Cannot find template location: classpath:/templates/ (please add some templates, check your Thymeleaf configuration, or set spring.thymeleaf.check-template-location=false)
2025-08-18T16:00:42.798+01:00  INFO 16036 --- [nuitParser2] [restartedMain] o.s.b.d.a.OptionalLiveReloadServer       : LiveReload server is running on port 35729
2025-08-18T16:00:42.803+01:00  INFO 16036 --- [nuitParser2] [restartedMain] o.s.b.a.e.web.EndpointLinksResolver      : Exposing 1 endpoint beneath base path '/actuator'
2025-08-18T16:00:42.846+01:00  INFO 16036 --- [nuitParser2] [restartedMain] o.s.b.w.embedded.tomcat.TomcatWebServer  : Tomcat started on port 8080 (http) with context path '/'
2025-08-18T16:00:42.860+01:00  INFO 16036 --- [nuitParser2] [restartedMain] c.ram.nuitparser.NuitParser2Application  : Started NuitParser2Application in 1.552 seconds (process running for 80.346)
2025-08-18T16:00:42.864+01:00  INFO 16036 --- [nuitParser2] [restartedMain] .ConditionEvaluationDeltaLoggingListener : Condition evaluation unchanged
2025-08-18T16:00:42.865+01:00  INFO 16036 --- [nuitParser2] [restartedMain] c.ram.nuitparser.NuitParser2Application  : Application started successfully
2025-08-18T16:00:45.083+01:00  INFO 16036 --- [nuitParser2] [File Watcher] rtingClassPathChangeChangedEventListener : Restarting due to 33 class path changes (33 additions, 0 deletions, 0 modifications)
2025-08-18T16:00:45.086+01:00  INFO 16036 --- [nuitParser2] [Thread-11] o.s.b.w.e.tomcat.GracefulShutdown        : Commencing graceful shutdown. Waiting for active requests to complete
2025-08-18T16:00:45.100+01:00  INFO 16036 --- [nuitParser2] [tomcat-shutdown] o.s.b.w.e.tomcat.GracefulShutdown        : Graceful shutdown complete
2025-08-18T16:00:45.176+01:00  INFO 16036 --- [nuitParser2] [restartedMain] c.ram.nuitparser.NuitParser2Application  : Starting NuitParser2 application
2025-08-18T16:00:45.270+01:00  INFO 16036 --- [nuitParser2] [restartedMain] c.ram.nuitparser.NuitParser2Application  : Starting NuitParser2Application using Java 24.0.1 with PID 16036 (C:\Users\pc\Desktop\stage\nuitParser2\target\classes started by pc in C:\Users\pc\Desktop\stage\nuitParser2)
2025-08-18T16:00:45.271+01:00 DEBUG 16036 --- [nuitParser2] [restartedMain] c.ram.nuitparser.NuitParser2Application  : Running with Spring Boot v3.5.3, Spring v6.2.8
2025-08-18T16:00:45.271+01:00  INFO 16036 --- [nuitParser2] [restartedMain] c.ram.nuitparser.NuitParser2Application  : No active profile set, falling back to 1 default profile: "default"
2025-08-18T16:00:46.089+01:00  INFO 16036 --- [nuitParser2] [restartedMain] o.s.b.w.embedded.tomcat.TomcatWebServer  : Tomcat initialized with port 8080 (http)
2025-08-18T16:00:46.090+01:00  INFO 16036 --- [nuitParser2] [restartedMain] o.apache.catalina.core.StandardService   : Starting service [Tomcat]
2025-08-18T16:00:46.090+01:00  INFO 16036 --- [nuitParser2] [restartedMain] o.apache.catalina.core.StandardEngine    : Starting Servlet engine: [Apache Tomcat/10.1.42]
2025-08-18T16:00:46.127+01:00  INFO 16036 --- [nuitParser2] [restartedMain] o.a.c.c.C.[Tomcat].[localhost].[/]       : Initializing Spring embedded WebApplicationContext
2025-08-18T16:00:46.127+01:00  INFO 16036 --- [nuitParser2] [restartedMain] w.s.c.ServletWebServerApplicationContext : Root WebApplicationContext: initialization completed in 852 ms
2025-08-18T16:00:46.196+01:00  INFO 16036 --- [nuitParser2] [restartedMain] c.r.n.controller.TelexController         : TelexController initialized
2025-08-18T16:00:46.202+01:00  INFO 16036 --- [nuitParser2] [restartedMain] com.ram.nuitparser.parser.TelexRouter    : TelexRouter initialized
2025-08-18T16:00:46.210+01:00  INFO 16036 --- [nuitParser2] [restartedMain] c.r.n.service.EnrichmentService          : Initializing EnrichmentService data loading
2025-08-18T16:00:46.210+01:00 DEBUG 16036 --- [nuitParser2] [restartedMain] c.r.n.service.EnrichmentService          : Loading airlines dataset
2025-08-18T16:00:46.259+01:00  INFO 16036 --- [nuitParser2] [restartedMain] c.r.n.service.EnrichmentService          : Loaded 6162 airline records
2025-08-18T16:00:46.260+01:00 DEBUG 16036 --- [nuitParser2] [restartedMain] c.r.n.service.EnrichmentService          : Loading airports dataset
2025-08-18T16:00:46.482+01:00  INFO 16036 --- [nuitParser2] [restartedMain] c.r.n.service.EnrichmentService          : Loaded 7698 airport records
2025-08-18T16:00:46.483+01:00 DEBUG 16036 --- [nuitParser2] [restartedMain] c.r.n.service.EnrichmentService          : Loading aircraft dataset
2025-08-18T16:00:46.491+01:00  INFO 16036 --- [nuitParser2] [restartedMain] c.r.n.service.EnrichmentService          : Loaded 246 aircraft records
2025-08-18T16:00:46.491+01:00 DEBUG 16036 --- [nuitParser2] [restartedMain] c.r.n.service.EnrichmentService          : Loading countries dataset
2025-08-18T16:00:46.510+01:00  INFO 16036 --- [nuitParser2] [restartedMain] c.r.n.service.EnrichmentService          : Loaded 261 country records
2025-08-18T16:00:46.511+01:00  INFO 16036 --- [nuitParser2] [restartedMain] c.r.n.service.EnrichmentService          : Enrichment data loaded: 6162 airlines, 7698 airports, 246 aircraft, 261 countries
2025-08-18T16:00:46.513+01:00  INFO 16036 --- [nuitParser2] [restartedMain] c.r.n.service.TelexParserService         : TelexParserService initialized
2025-08-18T16:00:46.514+01:00  INFO 16036 --- [nuitParser2] [restartedMain] c.r.n.s.reader.LogFileReaderService      : LogFileReaderService initialized
2025-08-18T16:00:46.515+01:00  INFO 16036 --- [nuitParser2] [restartedMain] c.r.n.s.reader.LogFileReaderService      : Starting telex log processing
2025-08-18T16:00:46.516+01:00 DEBUG 16036 --- [nuitParser2] [restartedMain] c.r.n.s.reader.LogFileReaderService      : Reading telex log file
2025-08-18T16:00:46.517+01:00  INFO 16036 --- [nuitParser2] [restartedMain] c.r.n.s.reader.LogFileReaderService      : Storing raw telex (158 characters)
2025-08-18T16:00:46.517+01:00  INFO 16036 --- [nuitParser2] [restartedMain] c.r.n.service.ParsedTelexHolder          : Storing parsed telex in holder
2025-08-18T16:00:46.517+01:00 DEBUG 16036 --- [nuitParser2] [restartedMain] c.r.n.service.ParsedTelexHolder          : Message: null, Raw length: 158
2025-08-18T16:00:46.517+01:00  INFO 16036 --- [nuitParser2] [restartedMain] c.r.n.s.reader.LogFileReaderService      : Processing telex through pipeline
2025-08-18T16:00:46.519+01:00  INFO 16036 --- [nuitParser2] [restartedMain] c.r.n.service.TelexParserService         : Starting telex parsing process
2025-08-18T16:00:46.523+01:00 DEBUG 16036 --- [nuitParser2] [restartedMain] c.r.n.service.TelexParserService         : Processing 9 non-empty lines
2025-08-18T16:00:46.523+01:00 DEBUG 16036 --- [nuitParser2] [restartedMain] c.r.n.service.TelexParserService         : Extracted sender: QN MUCSCAT, receivers: .QLHQMAT 132141 MESX010 JUL25
2025-08-18T16:00:46.528+01:00 DEBUG 16036 --- [nuitParser2] [restartedMain] c.r.n.service.TelexParserService         : Detecting telex type from: ASM
2025-08-18T16:00:46.529+01:00 DEBUG 16036 --- [nuitParser2] [restartedMain] c.r.n.service.TelexParserService         : Identified ASM telex type
2025-08-18T16:00:46.531+01:00  INFO 16036 --- [nuitParser2] [restartedMain] c.r.n.service.TelexParserService         : Detected telex type: ASM
2025-08-18T16:00:46.534+01:00  INFO 16036 --- [nuitParser2] [restartedMain] com.ram.nuitparser.parser.TelexRouter    : Routing telex of type: ASM
2025-08-18T16:00:46.536+01:00 DEBUG 16036 --- [nuitParser2] [restartedMain] com.ram.nuitparser.parser.TelexRouter    : Routing to ASM parser
2025-08-18T16:00:46.537+01:00  INFO 16036 --- [nuitParser2] [restartedMain] c.ram.nuitparser.parser.asm.ASMParser    : Starting ASM message parsing
2025-08-18T16:00:46.538+01:00 DEBUG 16036 --- [nuitParser2] [restartedMain] c.ram.nuitparser.parser.asm.ASMParser    : Sender: QN MUCSCAT, Receivers: .QLHQMAT 132141 MESX010 JUL25
2025-08-18T16:00:46.542+01:00 DEBUG 16036 --- [nuitParser2] [restartedMain] c.ram.nuitparser.parser.asm.ASMParser    : Processing 7 lines in telex body
2025-08-18T16:00:46.543+01:00 DEBUG 16036 --- [nuitParser2] [restartedMain] c.ram.nuitparser.parser.asm.ASMParser    : Processing line 1: ASM
2025-08-18T16:00:46.544+01:00 DEBUG 16036 --- [nuitParser2] [restartedMain] c.ram.nuitparser.parser.asm.ASMParser    : Processing line 2: LT
2025-08-18T16:00:46.546+01:00 DEBUG 16036 --- [nuitParser2] [restartedMain] c.ram.nuitparser.parser.asm.ASMParser    : Processing line 3: 13JUL50936E001
2025-08-18T16:00:46.549+01:00 DEBUG 16036 --- [nuitParser2] [restartedMain] c.ram.nuitparser.parser.asm.ASMParser    : Processing line 4: RPL
2025-08-18T16:00:46.550+01:00 DEBUG 16036 --- [nuitParser2] [restartedMain] c.ram.nuitparser.parser.asm.ASMParser    : Extracted action code: RPL
2025-08-18T16:00:46.551+01:00 DEBUG 16036 --- [nuitParser2] [restartedMain] c.ram.nuitparser.parser.asm.ASMParser    : Processing line 5: AT651/13JUL25 3/X 4/X 5/AT 9/X
2025-08-18T16:00:46.551+01:00  INFO 16036 --- [nuitParser2] [restartedMain] c.ram.nuitparser.parser.asm.ASMParser    : Extracted flight designator: AT651 and date: 13JUL25
2025-08-18T16:00:46.551+01:00 DEBUG 16036 --- [nuitParser2] [restartedMain] c.ram.nuitparser.parser.asm.ASMParser    : Extracted 4 DEIs from line
2025-08-18T16:00:46.552+01:00 DEBUG 16036 --- [nuitParser2] [restartedMain] c.ram.nuitparser.parser.asm.ASMParser    : Processing line 6: J 320 .Y180
2025-08-18T16:00:46.552+01:00 DEBUG 16036 --- [nuitParser2] [restartedMain] c.ram.nuitparser.parser.asm.ASMParser    : Processing line 7: CDG132330 OUD140110 7//M
2025-08-18T16:00:46.553+01:00 DEBUG 16036 --- [nuitParser2] [restartedMain] c.ram.nuitparser.parser.asm.ASMParser    : Extracted 2 airport/time pairs from line
2025-08-18T16:00:46.555+01:00 DEBUG 16036 --- [nuitParser2] [restartedMain] c.ram.nuitparser.parser.asm.ASMParser    : Set departure airport: CDG
2025-08-18T16:00:46.556+01:00 DEBUG 16036 --- [nuitParser2] [restartedMain] c.ram.nuitparser.parser.asm.ASMParser    : Set arrival airport: OUD
2025-08-18T16:00:46.556+01:00 DEBUG 16036 --- [nuitParser2] [restartedMain] c.ram.nuitparser.parser.asm.ASMParser    : Set departure time: 132330
2025-08-18T16:00:46.556+01:00 DEBUG 16036 --- [nuitParser2] [restartedMain] c.ram.nuitparser.parser.asm.ASMParser    : Set arrival time: 140110
2025-08-18T16:00:46.556+01:00  INFO 16036 --- [nuitParser2] [restartedMain] c.ram.nuitparser.parser.asm.ASMParser    : Successfully parsed ASM message. Found 4 DEIs
2025-08-18T16:00:46.556+01:00  INFO 16036 --- [nuitParser2] [restartedMain] c.r.n.service.TelexParserService         : Starting enrichment for parsed message
2025-08-18T16:00:46.556+01:00  INFO 16036 --- [nuitParser2] [restartedMain] c.r.n.service.EnrichmentService          : Starting enrichment for flight: AT651
2025-08-18T16:00:46.556+01:00 DEBUG 16036 --- [nuitParser2] [restartedMain] c.r.n.service.EnrichmentService          : Extracted airline code: AT
2025-08-18T16:00:46.557+01:00 DEBUG 16036 --- [nuitParser2] [restartedMain] c.r.n.service.EnrichmentService          : Looking up airline by IATA: AT
2025-08-18T16:00:46.562+01:00 DEBUG 16036 --- [nuitParser2] [restartedMain] c.r.n.service.EnrichmentService          : Enriched airline: AT - Royal Air Maroc
2025-08-18T16:00:46.563+01:00 DEBUG 16036 --- [nuitParser2] [restartedMain] c.r.n.service.EnrichmentService          : Looking up airport by IATA: CDG
2025-08-18T16:00:46.571+01:00 DEBUG 16036 --- [nuitParser2] [restartedMain] c.r.n.service.EnrichmentService          : Enriched departure airport: Charles de Gaulle International Airport
2025-08-18T16:00:46.571+01:00 DEBUG 16036 --- [nuitParser2] [restartedMain] c.r.n.service.EnrichmentService          : Looking up airport by IATA: OUD
2025-08-18T16:00:46.573+01:00 DEBUG 16036 --- [nuitParser2] [restartedMain] c.r.n.service.EnrichmentService          : Enriched arrival airport: Angads Airport
2025-08-18T16:00:46.573+01:00  INFO 16036 --- [nuitParser2] [restartedMain] c.r.n.service.EnrichmentService          : Completed enrichment for flight: AT651
2025-08-18T16:00:46.573+01:00  INFO 16036 --- [nuitParser2] [restartedMain] c.r.n.service.TelexParserService         : Storing parsed and enriched telex
2025-08-18T16:00:46.573+01:00  INFO 16036 --- [nuitParser2] [restartedMain] c.r.n.service.ParsedTelexHolder          : Storing parsed telex in holder
2025-08-18T16:00:46.573+01:00 DEBUG 16036 --- [nuitParser2] [restartedMain] c.r.n.service.ParsedTelexHolder          : Message: AT651, Raw length: 158
2025-08-18T16:00:46.573+01:00  INFO 16036 --- [nuitParser2] [restartedMain] c.r.n.service.TelexParserService         : Telex processing completed successfully
2025-08-18T16:00:46.573+01:00  INFO 16036 --- [nuitParser2] [restartedMain] c.r.n.s.reader.LogFileReaderService      : Telex processing completed
2025-08-18T16:00:46.736+01:00  WARN 16036 --- [nuitParser2] [restartedMain] ion$DefaultTemplateResolverConfiguration : Cannot find template location: classpath:/templates/ (please add some templates, check your Thymeleaf configuration, or set spring.thymeleaf.check-template-location=false)
2025-08-18T16:00:46.955+01:00  INFO 16036 --- [nuitParser2] [restartedMain] o.s.b.d.a.OptionalLiveReloadServer       : LiveReload server is running on port 35729
2025-08-18T16:00:46.960+01:00  INFO 16036 --- [nuitParser2] [restartedMain] o.s.b.a.e.web.EndpointLinksResolver      : Exposing 1 endpoint beneath base path '/actuator'
2025-08-18T16:00:46.993+01:00  INFO 16036 --- [nuitParser2] [restartedMain] o.s.b.w.embedded.tomcat.TomcatWebServer  : Tomcat started on port 8080 (http) with context path '/'
2025-08-18T16:00:47.008+01:00  INFO 16036 --- [nuitParser2] [restartedMain] c.ram.nuitparser.NuitParser2Application  : Started NuitParser2Application in 1.826 seconds (process running for 84.495)
2025-08-18T16:00:47.011+01:00  INFO 16036 --- [nuitParser2] [restartedMain] .ConditionEvaluationDeltaLoggingListener : Condition evaluation unchanged
2025-08-18T16:00:47.011+01:00  INFO 16036 --- [nuitParser2] [restartedMain] c.ram.nuitparser.NuitParser2Application  : Application started successfully
2025-08-18T16:00:49.608+01:00  INFO 16036 --- [nuitParser2] [http-nio-8080-exec-1] o.a.c.c.C.[Tomcat].[localhost].[/]       : Initializing Spring DispatcherServlet 'dispatcherServlet'
2025-08-18T16:00:49.609+01:00  INFO 16036 --- [nuitParser2] [http-nio-8080-exec-1] o.s.web.servlet.DispatcherServlet        : Initializing Servlet 'dispatcherServlet'
2025-08-18T16:00:49.614+01:00  INFO 16036 --- [nuitParser2] [http-nio-8080-exec-1] o.s.web.servlet.DispatcherServlet        : Completed initialization in 5 ms
2025-08-18T16:00:49.618+01:00  INFO 16036 --- [nuitParser2] [http-nio-8080-exec-1] c.r.n.controller.TelexController         : Received request for telex data
2025-08-18T16:00:49.619+01:00 DEBUG 16036 --- [nuitParser2] [http-nio-8080-exec-1] c.r.n.service.ParsedTelexHolder          : Retrieving parsed telex from holder
2025-08-18T16:00:49.619+01:00 DEBUG 16036 --- [nuitParser2] [http-nio-8080-exec-1] c.r.n.service.ParsedTelexHolder          : Retrieving raw telex from holder
2025-08-18T16:00:49.619+01:00 DEBUG 16036 --- [nuitParser2] [http-nio-8080-exec-1] c.r.n.controller.TelexController         : Building telex response
2025-08-18T16:00:49.621+01:00  INFO 16036 --- [nuitParser2] [http-nio-8080-exec-1] c.r.n.controller.TelexController         : Returning telex data
2025-08-18T16:00:59.814+01:00  INFO 16036 --- [nuitParser2] [http-nio-8080-exec-5] c.r.n.controller.TelexController         : Received request for telex data
2025-08-18T16:00:59.815+01:00 DEBUG 16036 --- [nuitParser2] [http-nio-8080-exec-5] c.r.n.service.ParsedTelexHolder          : Retrieving parsed telex from holder
2025-08-18T16:00:59.815+01:00 DEBUG 16036 --- [nuitParser2] [http-nio-8080-exec-5] c.r.n.service.ParsedTelexHolder          : Retrieving raw telex from holder
2025-08-18T16:00:59.815+01:00 DEBUG 16036 --- [nuitParser2] [http-nio-8080-exec-5] c.r.n.controller.TelexController         : Building telex response
2025-08-18T16:00:59.815+01:00  INFO 16036 --- [nuitParser2] [http-nio-8080-exec-5] c.r.n.controller.TelexController         : Returning telex data
2025-08-18T16:01:03.134+01:00  INFO 16036 --- [nuitParser2] [http-nio-8080-exec-7] c.r.n.controller.TelexController         : Received request for telex data
2025-08-18T16:01:03.134+01:00 DEBUG 16036 --- [nuitParser2] [http-nio-8080-exec-7] c.r.n.service.ParsedTelexHolder          : Retrieving parsed telex from holder
2025-08-18T16:01:03.134+01:00 DEBUG 16036 --- [nuitParser2] [http-nio-8080-exec-7] c.r.n.service.ParsedTelexHolder          : Retrieving raw telex from holder
2025-08-18T16:01:03.134+01:00 DEBUG 16036 --- [nuitParser2] [http-nio-8080-exec-7] c.r.n.controller.TelexController         : Building telex response
2025-08-18T16:01:03.134+01:00  INFO 16036 --- [nuitParser2] [http-nio-8080-exec-7] c.r.n.controller.TelexController         : Returning telex data
2025-08-18T16:01:03.774+01:00  INFO 16036 --- [nuitParser2] [http-nio-8080-exec-9] c.r.n.controller.TelexController         : Received request for telex data
2025-08-18T16:01:03.774+01:00 DEBUG 16036 --- [nuitParser2] [http-nio-8080-exec-9] c.r.n.service.ParsedTelexHolder          : Retrieving parsed telex from holder
2025-08-18T16:01:03.774+01:00 DEBUG 16036 --- [nuitParser2] [http-nio-8080-exec-9] c.r.n.service.ParsedTelexHolder          : Retrieving raw telex from holder
2025-08-18T16:01:03.774+01:00 DEBUG 16036 --- [nuitParser2] [http-nio-8080-exec-9] c.r.n.controller.TelexController         : Building telex response
2025-08-18T16:01:03.774+01:00  INFO 16036 --- [nuitParser2] [http-nio-8080-exec-9] c.r.n.controller.TelexController         : Returning telex data
2025-08-18T16:01:04.986+01:00  INFO 16036 --- [nuitParser2] [http-nio-8080-exec-3] c.r.n.controller.TelexController         : Received request for telex data
2025-08-18T16:01:04.986+01:00 DEBUG 16036 --- [nuitParser2] [http-nio-8080-exec-3] c.r.n.service.ParsedTelexHolder          : Retrieving parsed telex from holder
2025-08-18T16:01:04.986+01:00 DEBUG 16036 --- [nuitParser2] [http-nio-8080-exec-3] c.r.n.service.ParsedTelexHolder          : Retrieving raw telex from holder
2025-08-18T16:01:04.986+01:00 DEBUG 16036 --- [nuitParser2] [http-nio-8080-exec-3] c.r.n.controller.TelexController         : Building telex response
2025-08-18T16:01:04.986+01:00  INFO 16036 --- [nuitParser2] [http-nio-8080-exec-3] c.r.n.controller.TelexController         : Returning telex data
2025-08-18T16:01:11.748+01:00  INFO 16036 --- [nuitParser2] [http-nio-8080-exec-5] c.r.n.controller.TelexController         : Received request for telex data
2025-08-18T16:01:11.748+01:00 DEBUG 16036 --- [nuitParser2] [http-nio-8080-exec-5] c.r.n.service.ParsedTelexHolder          : Retrieving parsed telex from holder
2025-08-18T16:01:11.748+01:00 DEBUG 16036 --- [nuitParser2] [http-nio-8080-exec-5] c.r.n.service.ParsedTelexHolder          : Retrieving raw telex from holder
2025-08-18T16:01:11.749+01:00 DEBUG 16036 --- [nuitParser2] [http-nio-8080-exec-5] c.r.n.controller.TelexController         : Building telex response
2025-08-18T16:01:11.749+01:00  INFO 16036 --- [nuitParser2] [http-nio-8080-exec-5] c.r.n.controller.TelexController         : Returning telex data
2025-08-18T16:03:32.024+01:00  INFO 16036 --- [nuitParser2] [SpringApplicationShutdownHook] o.s.b.w.e.tomcat.GracefulShutdown        : Commencing graceful shutdown. Waiting for active requests to complete
2025-08-18T16:03:32.039+01:00  INFO 16036 --- [nuitParser2] [tomcat-shutdown] o.s.b.w.e.tomcat.GracefulShutdown        : Graceful shutdown complete
2025-08-18T19:10:18.406+01:00  INFO 16620 --- [nuitParser2] [restartedMain] c.ram.nuitparser.NuitParser2Application  : Starting NuitParser2Application using Java 24.0.1 with PID 16620 (C:\Users\pc\Desktop\stage\nuitParser2\target\classes started by pc in C:\Users\pc\Desktop\stage\nuitParser2)
2025-08-18T19:10:18.418+01:00 DEBUG 16620 --- [nuitParser2] [restartedMain] c.ram.nuitparser.NuitParser2Application  : Running with Spring Boot v3.5.3, Spring v6.2.8
2025-08-18T19:10:18.420+01:00  INFO 16620 --- [nuitParser2] [restartedMain] c.ram.nuitparser.NuitParser2Application  : No active profile set, falling back to 1 default profile: "default"
2025-08-18T19:10:18.556+01:00  INFO 16620 --- [nuitParser2] [restartedMain] .e.DevToolsPropertyDefaultsPostProcessor : Devtools property defaults active! Set 'spring.devtools.add-properties' to 'false' to disable
2025-08-18T19:10:18.556+01:00  INFO 16620 --- [nuitParser2] [restartedMain] .e.DevToolsPropertyDefaultsPostProcessor : For additional web related logging consider setting the 'logging.level.web' property to 'DEBUG'
2025-08-18T19:10:21.254+01:00  INFO 16620 --- [nuitParser2] [restartedMain] o.s.b.w.embedded.tomcat.TomcatWebServer  : Tomcat initialized with port 8080 (http)
2025-08-18T19:10:21.282+01:00  INFO 16620 --- [nuitParser2] [restartedMain] o.apache.catalina.core.StandardService   : Starting service [Tomcat]
2025-08-18T19:10:21.283+01:00  INFO 16620 --- [nuitParser2] [restartedMain] o.apache.catalina.core.StandardEngine    : Starting Servlet engine: [Apache Tomcat/10.1.42]
2025-08-18T19:10:21.404+01:00  INFO 16620 --- [nuitParser2] [restartedMain] o.a.c.c.C.[Tomcat].[localhost].[/]       : Initializing Spring embedded WebApplicationContext
2025-08-18T19:10:21.405+01:00  INFO 16620 --- [nuitParser2] [restartedMain] w.s.c.ServletWebServerApplicationContext : Root WebApplicationContext: initialization completed in 2835 ms
2025-08-18T19:10:21.684+01:00  INFO 16620 --- [nuitParser2] [restartedMain] c.r.n.controller.TelexController         : TelexController initialized
2025-08-18T19:10:21.709+01:00  INFO 16620 --- [nuitParser2] [restartedMain] com.ram.nuitparser.parser.TelexRouter    : TelexRouter initialized with 4 parsers
2025-08-18T19:10:21.724+01:00  INFO 16620 --- [nuitParser2] [restartedMain] c.r.n.service.EnrichmentService          : Initializing EnrichmentService data loading
2025-08-18T19:10:21.724+01:00 DEBUG 16620 --- [nuitParser2] [restartedMain] c.r.n.service.EnrichmentService          : Loading airlines dataset
2025-08-18T19:10:21.900+01:00  INFO 16620 --- [nuitParser2] [restartedMain] c.r.n.service.EnrichmentService          : Loaded 6162 airline records
2025-08-18T19:10:21.904+01:00 DEBUG 16620 --- [nuitParser2] [restartedMain] c.r.n.service.EnrichmentService          : Loading airports dataset
2025-08-18T19:10:22.084+01:00  INFO 16620 --- [nuitParser2] [restartedMain] c.r.n.service.EnrichmentService          : Loaded 7698 airport records
2025-08-18T19:10:22.084+01:00 DEBUG 16620 --- [nuitParser2] [restartedMain] c.r.n.service.EnrichmentService          : Loading aircraft dataset
2025-08-18T19:10:22.124+01:00  INFO 16620 --- [nuitParser2] [restartedMain] c.r.n.service.EnrichmentService          : Loaded 246 aircraft records
2025-08-18T19:10:22.125+01:00 DEBUG 16620 --- [nuitParser2] [restartedMain] c.r.n.service.EnrichmentService          : Loading countries dataset
2025-08-18T19:10:22.149+01:00  INFO 16620 --- [nuitParser2] [restartedMain] c.r.n.service.EnrichmentService          : Loaded 261 country records
2025-08-18T19:10:22.149+01:00  INFO 16620 --- [nuitParser2] [restartedMain] c.r.n.service.EnrichmentService          : Enrichment data loaded: 6162 airlines, 7698 airports, 246 aircraft, 261 countries
2025-08-18T19:10:22.152+01:00  INFO 16620 --- [nuitParser2] [restartedMain] c.r.n.service.TelexParserService         : TelexParserService initialized
2025-08-18T19:10:22.154+01:00  INFO 16620 --- [nuitParser2] [restartedMain] c.r.n.s.reader.LogFileReaderService      : LogFileReaderService initialized
2025-08-18T19:10:22.154+01:00  INFO 16620 --- [nuitParser2] [restartedMain] c.r.n.s.reader.LogFileReaderService      : Starting telex log processing
2025-08-18T19:10:22.155+01:00 DEBUG 16620 --- [nuitParser2] [restartedMain] c.r.n.s.reader.LogFileReaderService      : Reading telex log file
2025-08-18T19:10:22.170+01:00  INFO 16620 --- [nuitParser2] [restartedMain] c.r.n.s.reader.LogFileReaderService      : Storing raw telex (158 characters)
2025-08-18T19:10:22.170+01:00  INFO 16620 --- [nuitParser2] [restartedMain] c.r.n.service.ParsedTelexHolder          : Storing parsed telex in holder
2025-08-18T19:10:22.170+01:00 DEBUG 16620 --- [nuitParser2] [restartedMain] c.r.n.service.ParsedTelexHolder          : Message: null, Raw length: 158
2025-08-18T19:10:22.171+01:00  INFO 16620 --- [nuitParser2] [restartedMain] c.r.n.s.reader.LogFileReaderService      : Processing telex through pipeline
2025-08-18T19:10:22.171+01:00  INFO 16620 --- [nuitParser2] [restartedMain] c.r.n.service.TelexParserService         : Starting telex parsing process
2025-08-18T19:10:22.172+01:00 DEBUG 16620 --- [nuitParser2] [restartedMain] c.r.n.service.TelexParserService         : Processing 9 non-empty lines
2025-08-18T19:10:22.173+01:00 DEBUG 16620 --- [nuitParser2] [restartedMain] c.r.n.service.TelexParserService         : Extracted sender: QN MUCSCAT, receivers: .QLHQMAT 132141 MESX010 JUL25
2025-08-18T19:10:22.173+01:00 DEBUG 16620 --- [nuitParser2] [restartedMain] c.r.n.service.TelexParserService         : Detecting telex type from: ASM
2025-08-18T19:10:22.173+01:00 DEBUG 16620 --- [nuitParser2] [restartedMain] c.r.n.service.TelexParserService         : Identified ASM telex type
2025-08-18T19:10:22.174+01:00  INFO 16620 --- [nuitParser2] [restartedMain] c.r.n.service.TelexParserService         : Detected telex type: ASM
2025-08-18T19:10:22.174+01:00  INFO 16620 --- [nuitParser2] [restartedMain] com.ram.nuitparser.parser.TelexRouter    : Getting parser for type: ASM
2025-08-18T19:10:22.175+01:00 DEBUG 16620 --- [nuitParser2] [restartedMain] com.ram.nuitparser.parser.TelexRouter    : Returning ASM parser
2025-08-18T19:10:22.176+01:00 ERROR 16620 --- [nuitParser2] [restartedMain] c.r.n.service.TelexParserService         : Critical error parsing telex: class com.ram.nuitparser.parser.asm.ASMParser cannot be cast to class com.ram.nuitparser.model.telex.asm.AsmMessage (com.ram.nuitparser.parser.asm.ASMParser and com.ram.nuitparser.model.telex.asm.AsmMessage are in unnamed module of loader org.springframework.boot.devtools.restart.classloader.RestartClassLoader @59b1aef7)

java.lang.ClassCastException: class com.ram.nuitparser.parser.asm.ASMParser cannot be cast to class com.ram.nuitparser.model.telex.asm.AsmMessage (com.ram.nuitparser.parser.asm.ASMParser and com.ram.nuitparser.model.telex.asm.AsmMessage are in unnamed module of loader org.springframework.boot.devtools.restart.classloader.RestartClassLoader @59b1aef7)
	at com.ram.nuitparser.service.TelexParserService.parse(TelexParserService.java:62) ~[classes/:na]
	at com.ram.nuitparser.service.reader.LogFileReaderService.readTelexLog(LogFileReaderService.java:50) ~[classes/:na]
	at java.base/jdk.internal.reflect.DirectMethodHandleAccessor.invoke(DirectMethodHandleAccessor.java:104) ~[na:na]
	at java.base/java.lang.reflect.Method.invoke(Method.java:565) ~[na:na]
	at org.springframework.beans.factory.annotation.InitDestroyAnnotationBeanPostProcessor$LifecycleMethod.invoke(InitDestroyAnnotationBeanPostProcessor.java:457) ~[spring-beans-6.2.8.jar:6.2.8]
	at org.springframework.beans.factory.annotation.InitDestroyAnnotationBeanPostProcessor$LifecycleMetadata.invokeInitMethods(InitDestroyAnnotationBeanPostProcessor.java:401) ~[spring-beans-6.2.8.jar:6.2.8]
	at org.springframework.beans.factory.annotation.InitDestroyAnnotationBeanPostProcessor.postProcessBeforeInitialization(InitDestroyAnnotationBeanPostProcessor.java:219) ~[spring-beans-6.2.8.jar:6.2.8]
	at org.springframework.beans.factory.support.AbstractAutowireCapableBeanFactory.applyBeanPostProcessorsBeforeInitialization(AbstractAutowireCapableBeanFactory.java:429) ~[spring-beans-6.2.8.jar:6.2.8]
	at org.springframework.beans.factory.support.AbstractAutowireCapableBeanFactory.initializeBean(AbstractAutowireCapableBeanFactory.java:1818) ~[spring-beans-6.2.8.jar:6.2.8]
	at org.springframework.beans.factory.support.AbstractAutowireCapableBeanFactory.doCreateBean(AbstractAutowireCapableBeanFactory.java:607) ~[spring-beans-6.2.8.jar:6.2.8]
	at org.springframework.beans.factory.support.AbstractAutowireCapableBeanFactory.createBean(AbstractAutowireCapableBeanFactory.java:529) ~[spring-beans-6.2.8.jar:6.2.8]
	at org.springframework.beans.factory.support.AbstractBeanFactory.lambda$doGetBean$0(AbstractBeanFactory.java:339) ~[spring-beans-6.2.8.jar:6.2.8]
	at org.springframework.beans.factory.support.DefaultSingletonBeanRegistry.getSingleton(DefaultSingletonBeanRegistry.java:373) ~[spring-beans-6.2.8.jar:6.2.8]
	at org.springframework.beans.factory.support.AbstractBeanFactory.doGetBean(AbstractBeanFactory.java:337) ~[spring-beans-6.2.8.jar:6.2.8]
	at org.springframework.beans.factory.support.AbstractBeanFactory.getBean(AbstractBeanFactory.java:202) ~[spring-beans-6.2.8.jar:6.2.8]
	at org.springframework.beans.factory.support.DefaultListableBeanFactory.instantiateSingleton(DefaultListableBeanFactory.java:1222) ~[spring-beans-6.2.8.jar:6.2.8]
	at org.springframework.beans.factory.support.DefaultListableBeanFactory.preInstantiateSingleton(DefaultListableBeanFactory.java:1188) ~[spring-beans-6.2.8.jar:6.2.8]
	at org.springframework.beans.factory.support.DefaultListableBeanFactory.preInstantiateSingletons(DefaultListableBeanFactory.java:1123) ~[spring-beans-6.2.8.jar:6.2.8]
	at org.springframework.context.support.AbstractApplicationContext.finishBeanFactoryInitialization(AbstractApplicationContext.java:987) ~[spring-context-6.2.8.jar:6.2.8]
	at org.springframework.context.support.AbstractApplicationContext.refresh(AbstractApplicationContext.java:627) ~[spring-context-6.2.8.jar:6.2.8]
	at org.springframework.boot.web.servlet.context.ServletWebServerApplicationContext.refresh(ServletWebServerApplicationContext.java:146) ~[spring-boot-3.5.3.jar:3.5.3]
	at org.springframework.boot.SpringApplication.refresh(SpringApplication.java:752) ~[spring-boot-3.5.3.jar:3.5.3]
	at org.springframework.boot.SpringApplication.refreshContext(SpringApplication.java:439) ~[spring-boot-3.5.3.jar:3.5.3]
	at org.springframework.boot.SpringApplication.run(SpringApplication.java:318) ~[spring-boot-3.5.3.jar:3.5.3]
	at org.springframework.boot.SpringApplication.run(SpringApplication.java:1361) ~[spring-boot-3.5.3.jar:3.5.3]
	at org.springframework.boot.SpringApplication.run(SpringApplication.java:1350) ~[spring-boot-3.5.3.jar:3.5.3]
	at com.ram.nuitparser.NuitParser2Application.main(NuitParser2Application.java:14) ~[classes/:na]
	at java.base/jdk.internal.reflect.DirectMethodHandleAccessor.invoke(DirectMethodHandleAccessor.java:104) ~[na:na]
	at java.base/java.lang.reflect.Method.invoke(Method.java:565) ~[na:na]
	at org.springframework.boot.devtools.restart.RestartLauncher.run(RestartLauncher.java:50) ~[spring-boot-devtools-3.5.3.jar:3.5.3]

2025-08-18T19:10:22.198+01:00  INFO 16620 --- [nuitParser2] [restartedMain] c.r.n.s.reader.LogFileReaderService      : Telex processing completed
2025-08-18T19:10:23.012+01:00  WARN 16620 --- [nuitParser2] [restartedMain] ion$DefaultTemplateResolverConfiguration : Cannot find template location: classpath:/templates/ (please add some templates, check your Thymeleaf configuration, or set spring.thymeleaf.check-template-location=false)
2025-08-18T19:10:23.567+01:00  INFO 16620 --- [nuitParser2] [restartedMain] o.s.b.d.a.OptionalLiveReloadServer       : LiveReload server is running on port 35729
2025-08-18T19:10:23.595+01:00  INFO 16620 --- [nuitParser2] [restartedMain] o.s.b.a.e.web.EndpointLinksResolver      : Exposing 1 endpoint beneath base path '/actuator'
2025-08-18T19:10:23.785+01:00  INFO 16620 --- [nuitParser2] [restartedMain] o.s.b.w.embedded.tomcat.TomcatWebServer  : Tomcat started on port 8080 (http) with context path '/'
2025-08-18T19:10:23.802+01:00  INFO 16620 --- [nuitParser2] [restartedMain] c.ram.nuitparser.NuitParser2Application  : Started NuitParser2Application in 6.559 seconds (process running for 8.708)
2025-08-18T19:10:23.812+01:00  INFO 16620 --- [nuitParser2] [restartedMain] c.ram.nuitparser.NuitParser2Application  : Application started successfully
2025-08-18T19:10:36.534+01:00  INFO 16620 --- [nuitParser2] [http-nio-8080-exec-1] o.a.c.c.C.[Tomcat].[localhost].[/]       : Initializing Spring DispatcherServlet 'dispatcherServlet'
2025-08-18T19:10:36.535+01:00  INFO 16620 --- [nuitParser2] [http-nio-8080-exec-1] o.s.web.servlet.DispatcherServlet        : Initializing Servlet 'dispatcherServlet'
2025-08-18T19:10:36.537+01:00  INFO 16620 --- [nuitParser2] [http-nio-8080-exec-1] o.s.web.servlet.DispatcherServlet        : Completed initialization in 2 ms
2025-08-18T19:10:36.638+01:00  INFO 16620 --- [nuitParser2] [http-nio-8080-exec-1] c.r.n.controller.TelexController         : Received request for telex data
2025-08-18T19:10:36.638+01:00 DEBUG 16620 --- [nuitParser2] [http-nio-8080-exec-1] c.r.n.service.ParsedTelexHolder          : Retrieving parsed telex from holder
2025-08-18T19:10:36.638+01:00 DEBUG 16620 --- [nuitParser2] [http-nio-8080-exec-1] c.r.n.service.ParsedTelexHolder          : Retrieving raw telex from holder
2025-08-18T19:10:36.638+01:00 DEBUG 16620 --- [nuitParser2] [http-nio-8080-exec-1] c.r.n.controller.TelexController         : Building telex response
2025-08-18T19:10:36.640+01:00  INFO 16620 --- [nuitParser2] [http-nio-8080-exec-1] c.r.n.controller.TelexController         : Returning telex data
2025-08-18T19:11:02.977+01:00  INFO 16620 --- [nuitParser2] [SpringApplicationShutdownHook] o.s.b.w.e.tomcat.GracefulShutdown        : Commencing graceful shutdown. Waiting for active requests to complete
2025-08-18T19:11:02.987+01:00  INFO 16620 --- [nuitParser2] [tomcat-shutdown] o.s.b.w.e.tomcat.GracefulShutdown        : Graceful shutdown complete
2025-08-18T19:47:51.288+01:00  INFO 11848 --- [nuitParser2] [restartedMain] c.ram.nuitparser.NuitParser2Application  : Starting NuitParser2Application using Java 24.0.1 with PID 11848 (C:\Users\pc\Desktop\stage\nuitParser2\target\classes started by pc in C:\Users\pc\Desktop\stage\nuitParser2)
2025-08-18T19:47:51.303+01:00 DEBUG 11848 --- [nuitParser2] [restartedMain] c.ram.nuitparser.NuitParser2Application  : Running with Spring Boot v3.5.3, Spring v6.2.8
2025-08-18T19:47:51.305+01:00  INFO 11848 --- [nuitParser2] [restartedMain] c.ram.nuitparser.NuitParser2Application  : No active profile set, falling back to 1 default profile: "default"
2025-08-18T19:47:51.538+01:00  INFO 11848 --- [nuitParser2] [restartedMain] .e.DevToolsPropertyDefaultsPostProcessor : Devtools property defaults active! Set 'spring.devtools.add-properties' to 'false' to disable
2025-08-18T19:47:51.538+01:00  INFO 11848 --- [nuitParser2] [restartedMain] .e.DevToolsPropertyDefaultsPostProcessor : For additional web related logging consider setting the 'logging.level.web' property to 'DEBUG'
2025-08-18T19:47:55.193+01:00  INFO 11848 --- [nuitParser2] [restartedMain] o.s.b.w.embedded.tomcat.TomcatWebServer  : Tomcat initialized with port 8080 (http)
2025-08-18T19:47:55.232+01:00  INFO 11848 --- [nuitParser2] [restartedMain] o.apache.catalina.core.StandardService   : Starting service [Tomcat]
2025-08-18T19:47:55.233+01:00  INFO 11848 --- [nuitParser2] [restartedMain] o.apache.catalina.core.StandardEngine    : Starting Servlet engine: [Apache Tomcat/10.1.42]
2025-08-18T19:47:55.369+01:00  INFO 11848 --- [nuitParser2] [restartedMain] o.a.c.c.C.[Tomcat].[localhost].[/]       : Initializing Spring embedded WebApplicationContext
2025-08-18T19:47:55.369+01:00  INFO 11848 --- [nuitParser2] [restartedMain] w.s.c.ServletWebServerApplicationContext : Root WebApplicationContext: initialization completed in 3830 ms
2025-08-18T19:47:55.731+01:00  INFO 11848 --- [nuitParser2] [restartedMain] c.r.n.controller.TelexController         : TelexController initialized
2025-08-18T19:47:55.743+01:00  INFO 11848 --- [nuitParser2] [restartedMain] com.ram.nuitparser.parser.TelexRouter    : TelexRouter initialized with 4 parsers
2025-08-18T19:47:55.753+01:00  INFO 11848 --- [nuitParser2] [restartedMain] c.r.n.service.EnrichmentService          : Initializing EnrichmentService data loading
2025-08-18T19:47:55.753+01:00 DEBUG 11848 --- [nuitParser2] [restartedMain] c.r.n.service.EnrichmentService          : Loading airlines dataset
2025-08-18T19:47:55.986+01:00  INFO 11848 --- [nuitParser2] [restartedMain] c.r.n.service.EnrichmentService          : Loaded 6162 airline records
2025-08-18T19:47:55.989+01:00 DEBUG 11848 --- [nuitParser2] [restartedMain] c.r.n.service.EnrichmentService          : Loading airports dataset
2025-08-18T19:47:56.176+01:00  INFO 11848 --- [nuitParser2] [restartedMain] c.r.n.service.EnrichmentService          : Loaded 7698 airport records
2025-08-18T19:47:56.177+01:00 DEBUG 11848 --- [nuitParser2] [restartedMain] c.r.n.service.EnrichmentService          : Loading aircraft dataset
2025-08-18T19:47:56.183+01:00  INFO 11848 --- [nuitParser2] [restartedMain] c.r.n.service.EnrichmentService          : Loaded 246 aircraft records
2025-08-18T19:47:56.183+01:00 DEBUG 11848 --- [nuitParser2] [restartedMain] c.r.n.service.EnrichmentService          : Loading countries dataset
2025-08-18T19:47:56.190+01:00  INFO 11848 --- [nuitParser2] [restartedMain] c.r.n.service.EnrichmentService          : Loaded 261 country records
2025-08-18T19:47:56.191+01:00  INFO 11848 --- [nuitParser2] [restartedMain] c.r.n.service.EnrichmentService          : Enrichment data loaded: 6162 airlines, 7698 airports, 246 aircraft, 261 countries
2025-08-18T19:47:56.194+01:00  INFO 11848 --- [nuitParser2] [restartedMain] c.r.n.service.TelexParserService         : TelexParserService initialized
2025-08-18T19:47:56.196+01:00  INFO 11848 --- [nuitParser2] [restartedMain] c.r.n.s.reader.LogFileReaderService      : LogFileReaderService initialized
2025-08-18T19:47:56.197+01:00  INFO 11848 --- [nuitParser2] [restartedMain] c.r.n.s.reader.LogFileReaderService      : Starting telex log processing
2025-08-18T19:47:56.198+01:00 DEBUG 11848 --- [nuitParser2] [restartedMain] c.r.n.s.reader.LogFileReaderService      : Reading telex log file
2025-08-18T19:47:56.207+01:00  INFO 11848 --- [nuitParser2] [restartedMain] c.r.n.s.reader.LogFileReaderService      : Storing raw telex (158 characters)
2025-08-18T19:47:56.207+01:00  INFO 11848 --- [nuitParser2] [restartedMain] c.r.n.service.ParsedTelexHolder          : Storing parsed telex in holder
2025-08-18T19:47:56.207+01:00 DEBUG 11848 --- [nuitParser2] [restartedMain] c.r.n.service.ParsedTelexHolder          : Message type: null, Raw length: 158
2025-08-18T19:47:56.208+01:00  INFO 11848 --- [nuitParser2] [restartedMain] c.r.n.s.reader.LogFileReaderService      : Processing telex through pipeline
2025-08-18T19:47:56.209+01:00  INFO 11848 --- [nuitParser2] [restartedMain] c.r.n.service.TelexParserService         : Starting telex parsing process
2025-08-18T19:47:56.210+01:00 DEBUG 11848 --- [nuitParser2] [restartedMain] c.r.n.service.TelexParserService         : Processing 9 non-empty lines
2025-08-18T19:47:56.213+01:00 DEBUG 11848 --- [nuitParser2] [restartedMain] c.r.n.service.TelexParserService         : Extracted sender: QN MUCSCAT, receivers: .QLHQMAT 132141 MESX010 JUL25
2025-08-18T19:47:56.214+01:00 DEBUG 11848 --- [nuitParser2] [restartedMain] c.r.n.service.TelexParserService         : Detecting telex type from: ASM
2025-08-18T19:47:56.214+01:00 DEBUG 11848 --- [nuitParser2] [restartedMain] c.r.n.service.TelexParserService         : Identified ASM telex type
2025-08-18T19:47:56.214+01:00  INFO 11848 --- [nuitParser2] [restartedMain] c.r.n.service.TelexParserService         : Detected telex type: ASM
2025-08-18T19:47:56.215+01:00  INFO 11848 --- [nuitParser2] [restartedMain] com.ram.nuitparser.parser.TelexRouter    : Getting parser for type: ASM
2025-08-18T19:47:56.217+01:00 DEBUG 11848 --- [nuitParser2] [restartedMain] com.ram.nuitparser.parser.TelexRouter    : Returning ASM parser
2025-08-18T19:47:56.217+01:00  INFO 11848 --- [nuitParser2] [restartedMain] c.ram.nuitparser.parser.asm.ASMParser    : Starting ASM message parsing
2025-08-18T19:47:56.217+01:00 DEBUG 11848 --- [nuitParser2] [restartedMain] c.ram.nuitparser.parser.asm.ASMParser    : Sender: QN MUCSCAT, Receivers: .QLHQMAT 132141 MESX010 JUL25
2025-08-18T19:47:56.218+01:00 DEBUG 11848 --- [nuitParser2] [restartedMain] c.ram.nuitparser.parser.asm.ASMParser    : Processing 7 lines in telex body
2025-08-18T19:47:56.219+01:00 DEBUG 11848 --- [nuitParser2] [restartedMain] c.ram.nuitparser.parser.asm.ASMParser    : Processing line 1: ASM
2025-08-18T19:47:56.219+01:00 DEBUG 11848 --- [nuitParser2] [restartedMain] c.ram.nuitparser.parser.asm.ASMParser    : Processing line 2: LT
2025-08-18T19:47:56.220+01:00 DEBUG 11848 --- [nuitParser2] [restartedMain] c.ram.nuitparser.parser.asm.ASMParser    : Processing line 3: 13JUL50936E001
2025-08-18T19:47:56.220+01:00 DEBUG 11848 --- [nuitParser2] [restartedMain] c.ram.nuitparser.parser.asm.ASMParser    : Processing line 4: RPL
2025-08-18T19:47:56.221+01:00 DEBUG 11848 --- [nuitParser2] [restartedMain] c.ram.nuitparser.parser.asm.ASMParser    : Extracted action code: RPL
2025-08-18T19:47:56.221+01:00 DEBUG 11848 --- [nuitParser2] [restartedMain] c.ram.nuitparser.parser.asm.ASMParser    : Processing line 5: AT651/13JUL25 3/X 4/X 5/AT 9/X
2025-08-18T19:47:56.222+01:00  INFO 11848 --- [nuitParser2] [restartedMain] c.ram.nuitparser.parser.asm.ASMParser    : Extracted flight designator: AT651 and date: 13JUL25
2025-08-18T19:47:56.223+01:00 DEBUG 11848 --- [nuitParser2] [restartedMain] c.ram.nuitparser.parser.asm.ASMParser    : Extracted 4 DEIs from line
2025-08-18T19:47:56.224+01:00 DEBUG 11848 --- [nuitParser2] [restartedMain] c.ram.nuitparser.parser.asm.ASMParser    : Processing line 6: J 320 .Y180
2025-08-18T19:47:56.225+01:00 DEBUG 11848 --- [nuitParser2] [restartedMain] c.ram.nuitparser.parser.asm.ASMParser    : Processing line 7: CDG132330 OUD140110 7//M
2025-08-18T19:47:56.225+01:00 DEBUG 11848 --- [nuitParser2] [restartedMain] c.ram.nuitparser.parser.asm.ASMParser    : Extracted 2 airport/time pairs from line
2025-08-18T19:47:56.226+01:00 DEBUG 11848 --- [nuitParser2] [restartedMain] c.ram.nuitparser.parser.asm.ASMParser    : Set departure airport: CDG
2025-08-18T19:47:56.226+01:00 DEBUG 11848 --- [nuitParser2] [restartedMain] c.ram.nuitparser.parser.asm.ASMParser    : Set arrival airport: OUD
2025-08-18T19:47:56.226+01:00 DEBUG 11848 --- [nuitParser2] [restartedMain] c.ram.nuitparser.parser.asm.ASMParser    : Set departure time: 132330
2025-08-18T19:47:56.226+01:00 DEBUG 11848 --- [nuitParser2] [restartedMain] c.ram.nuitparser.parser.asm.ASMParser    : Set arrival time: 140110
2025-08-18T19:47:56.227+01:00  INFO 11848 --- [nuitParser2] [restartedMain] c.ram.nuitparser.parser.asm.ASMParser    : Successfully parsed ASM message. Found 4 DEIs
2025-08-18T19:47:56.227+01:00  INFO 11848 --- [nuitParser2] [restartedMain] c.r.n.service.TelexParserService         : Starting enrichment for parsed message
2025-08-18T19:47:56.227+01:00  INFO 11848 --- [nuitParser2] [restartedMain] c.r.n.service.EnrichmentService          : Starting enrichment for flight: AT651
2025-08-18T19:47:56.227+01:00 DEBUG 11848 --- [nuitParser2] [restartedMain] c.r.n.service.EnrichmentService          : Extracted airline code: AT
2025-08-18T19:47:56.227+01:00 DEBUG 11848 --- [nuitParser2] [restartedMain] c.r.n.service.EnrichmentService          : Looking up airline by IATA: AT
2025-08-18T19:47:56.233+01:00 DEBUG 11848 --- [nuitParser2] [restartedMain] c.r.n.service.EnrichmentService          : Enriched airline: AT - Royal Air Maroc
2025-08-18T19:47:56.233+01:00 DEBUG 11848 --- [nuitParser2] [restartedMain] c.r.n.service.EnrichmentService          : Looking up airport by IATA: CDG
2025-08-18T19:47:56.236+01:00 DEBUG 11848 --- [nuitParser2] [restartedMain] c.r.n.service.EnrichmentService          : Enriched departure airport: Charles de Gaulle International Airport
2025-08-18T19:47:56.238+01:00 DEBUG 11848 --- [nuitParser2] [restartedMain] c.r.n.service.EnrichmentService          : Looking up airport by IATA: OUD
2025-08-18T19:47:56.240+01:00 DEBUG 11848 --- [nuitParser2] [restartedMain] c.r.n.service.EnrichmentService          : Enriched arrival airport: Angads Airport
2025-08-18T19:47:56.240+01:00  INFO 11848 --- [nuitParser2] [restartedMain] c.r.n.service.EnrichmentService          : Completed enrichment for flight: AT651
2025-08-18T19:47:56.240+01:00  INFO 11848 --- [nuitParser2] [restartedMain] c.r.n.service.TelexParserService         : Storing parsed and enriched telex
2025-08-18T19:47:56.241+01:00  INFO 11848 --- [nuitParser2] [restartedMain] c.r.n.service.ParsedTelexHolder          : Storing parsed telex in holder
2025-08-18T19:47:56.241+01:00 DEBUG 11848 --- [nuitParser2] [restartedMain] c.r.n.service.ParsedTelexHolder          : Message type: ASM, Raw length: 158
2025-08-18T19:47:56.241+01:00  INFO 11848 --- [nuitParser2] [restartedMain] c.r.n.service.TelexParserService         : Telex processing completed successfully
2025-08-18T19:47:56.241+01:00  INFO 11848 --- [nuitParser2] [restartedMain] c.r.n.s.reader.LogFileReaderService      : Telex processing completed
2025-08-18T19:47:56.818+01:00  WARN 11848 --- [nuitParser2] [restartedMain] ion$DefaultTemplateResolverConfiguration : Cannot find template location: classpath:/templates/ (please add some templates, check your Thymeleaf configuration, or set spring.thymeleaf.check-template-location=false)
2025-08-18T19:47:57.425+01:00  INFO 11848 --- [nuitParser2] [restartedMain] o.s.b.d.a.OptionalLiveReloadServer       : LiveReload server is running on port 35729
2025-08-18T19:47:57.461+01:00  INFO 11848 --- [nuitParser2] [restartedMain] o.s.b.a.e.web.EndpointLinksResolver      : Exposing 1 endpoint beneath base path '/actuator'
2025-08-18T19:47:57.612+01:00  INFO 11848 --- [nuitParser2] [restartedMain] o.s.b.w.embedded.tomcat.TomcatWebServer  : Tomcat started on port 8080 (http) with context path '/'
2025-08-18T19:47:57.645+01:00  INFO 11848 --- [nuitParser2] [restartedMain] c.ram.nuitparser.NuitParser2Application  : Started NuitParser2Application in 8.228 seconds (process running for 10.149)
2025-08-18T19:47:57.660+01:00  INFO 11848 --- [nuitParser2] [restartedMain] c.ram.nuitparser.NuitParser2Application  : Application started successfully
2025-08-18T19:47:58.381+01:00  INFO 11848 --- [nuitParser2] [RMI TCP Connection(4)-192.168.56.1] o.a.c.c.C.[Tomcat].[localhost].[/]       : Initializing Spring DispatcherServlet 'dispatcherServlet'
2025-08-18T19:47:58.381+01:00  INFO 11848 --- [nuitParser2] [RMI TCP Connection(4)-192.168.56.1] o.s.web.servlet.DispatcherServlet        : Initializing Servlet 'dispatcherServlet'
2025-08-18T19:47:58.388+01:00  INFO 11848 --- [nuitParser2] [RMI TCP Connection(4)-192.168.56.1] o.s.web.servlet.DispatcherServlet        : Completed initialization in 7 ms
2025-08-18T19:48:02.847+01:00  INFO 11848 --- [nuitParser2] [http-nio-8080-exec-1] c.r.n.controller.TelexController         : Received request for telex data
2025-08-18T19:48:02.849+01:00 DEBUG 11848 --- [nuitParser2] [http-nio-8080-exec-1] c.r.n.service.ParsedTelexHolder          : Retrieving parsed telex from holder
2025-08-18T19:48:02.849+01:00 DEBUG 11848 --- [nuitParser2] [http-nio-8080-exec-1] c.r.n.service.ParsedTelexHolder          : Retrieving raw telex from holder
2025-08-18T19:48:02.850+01:00 DEBUG 11848 --- [nuitParser2] [http-nio-8080-exec-1] c.r.n.controller.TelexController         : Building telex response
2025-08-18T19:48:02.851+01:00  INFO 11848 --- [nuitParser2] [http-nio-8080-exec-1] c.r.n.controller.TelexController         : Returning telex data
2025-08-18T19:48:11.309+01:00  INFO 11848 --- [nuitParser2] [SpringApplicationShutdownHook] o.s.b.w.e.tomcat.GracefulShutdown        : Commencing graceful shutdown. Waiting for active requests to complete
2025-08-18T19:48:11.320+01:00  INFO 11848 --- [nuitParser2] [tomcat-shutdown] o.s.b.w.e.tomcat.GracefulShutdown        : Graceful shutdown complete
